[INFO] Creating data file: /tmp/14weeks_data/workload_data.bin (256 MB)

[INFO] Starting multi-phase workload
[INFO] File size: 256 MB, Working set: 64 MB, Iterations: 3
[INFO] Latency measurement: ON

[PHASE] MRU-favorable (LIFO stack access) (iteration 1/5) starting...

[PHASE] LRU-favorable (working set) (iteration 2/5) starting...

[PHASE] FIFO-favorable (sequential scan) (iteration 3/5) starting...

[PHASE] S3FIFO-favorable (seq + re-access) (iteration 4/5) starting...

[PHASE] RANDOM (uniform random) (iteration 5/5) starting...

==================== WORKLOAD SUMMARY ====================
Phase         Duration(s)        Accesses  Avg Lat(us)   Throughput
------------------------------------------------------------
MRU                56.465          196608       286.98         3482
LRU                 0.132          491520         0.25      3713838
FIFO                9.042          196608        45.91        21744
S3FIFO             12.792          255816        49.89        19999
RANDOM              9.588          196608        48.66        20506
------------------------------------------------------------
TOTAL              88.019         1337160
============================================================

[INFO] Results written to: /home/an/Desktop/damon_cache_ext/examples/result/14weeks/20251204-124843/mru/phase_results.csv
[INFO] Summary written to: /home/an/Desktop/damon_cache_ext/examples/result/14weeks/20251204-124843/mru/summary.json
[DONE] Multi-phase workload completed.
